<?xml version="1.0" encoding="UTF-8"?>
<!-- Generated by org.testng.reporters.JUnitReportReporter -->
<testsuite hostname="LAPTOP-ODIK6SBS" failures="0" tests="3" name="Package.mobileAutomation.addRemoveApp" time="11.488" errors="0" timestamp="14 Nov 2023 01:16:22 GMT" skipped="0">
  <testcase classname="Package.mobileAutomation.addRemoveApp" name="mainActivityPage" time="7.560"/>
  <testcase classname="Package.mobileAutomation.addRemoveApp" name="productAddToCart" time="1.162"/>
  <testcase classname="Package.mobileAutomation.addRemoveApp" name="cartPage" time="2.766"/>
</testsuite> <!-- Package.mobileAutomation.addRemoveApp -->
