<?xml version="1.0" encoding="UTF-8"?>
<!-- Generated by org.testng.reporters.JUnitReportReporter -->
<testsuite hostname="LAPTOP-ODIK6SBS" failures="0" tests="1" name="Package.mobileAutomation.androidApkRun" time="15.997" errors="0" timestamp="10 Nov 2023 01:46:23 GMT" skipped="0">
  <testcase classname="Package.mobileAutomation.androidApkRun" name="runApp" time="15.997"/>
</testsuite> <!-- Package.mobileAutomation.androidApkRun -->
