<?xml version="1.0" encoding="UTF-8"?>
<!-- Generated by org.testng.reporters.JUnitReportReporter -->
<testsuite hostname="LAPTOP-ODIK6SBS" failures="0" tests="1" name="Package.mobileAutomation.androidApkRun" time="16.793" errors="0" timestamp="10 Nov 2023 16:15:30 GMT" skipped="0">
  <testcase classname="Package.mobileAutomation.androidApkRun" name="runApp" time="16.793"/>
</testsuite> <!-- Package.mobileAutomation.androidApkRun -->
