<?xml version="1.0" encoding="UTF-8"?>
<!-- Generated by org.testng.reporters.JUnitReportReporter -->
<testsuite hostname="LAPTOP-ODIK6SBS" failures="0" tests="1" name="Package.mobileAutomation.addRemoveApp" time="6.534" errors="0" timestamp="11 Nov 2023 00:47:15 GMT" skipped="0">
  <testcase classname="Package.mobileAutomation.addRemoveApp" name="mainActivityPage" time="6.534"/>
</testsuite> <!-- Package.mobileAutomation.addRemoveApp -->
